<?xml version="1.0" encoding="UTF-8"?>
<!-- Generated by org.testng.reporters.JUnitReportReporter -->
<testsuite hostname="DESKTOP-RGHPT2R" name="testcases.ReadWriteExcel" tests="1" failures="0" timestamp="2 Jun 2018 06:48:22 GMT" time="71.770" errors="0">
  <testcase name="ReadData" time="71.770" classname="testcases.ReadWriteExcel"/>
</testsuite> <!-- testcases.ReadWriteExcel -->
